mode: set
de\vorlesung\projekt\raytracer\Raytracing\grid.go:14.76,19.2 4 1
de\vorlesung\projekt\raytracer\Raytracing\grid.go:24.42,24.63 1 1
de\vorlesung\projekt\raytracer\Raytracing\grid.go:27.46,27.71 1 1
de\vorlesung\projekt\raytracer\Raytracing\grid.go:30.53,30.78 1 1
de\vorlesung\projekt\raytracer\Raytracing\grid.go:33.61,33.94 1 1
de\vorlesung\projekt\raytracer\Raytracing\light.go:14.55,19.2 4 1
de\vorlesung\projekt\raytracer\Raytracing\light.go:21.58,21.82 1 1
de\vorlesung\projekt\raytracer\Raytracing\light.go:22.58,22.79 1 1
de\vorlesung\projekt\raytracer\Raytracing\light.go:23.58,23.86 1 1
de\vorlesung\projekt\raytracer\Raytracing\light.go:24.58,24.80 1 1
de\vorlesung\projekt\raytracer\Raytracing\scene.go:27.63,37.29 8 0
de\vorlesung\projekt\raytracer\Raytracing\scene.go:70.2,70.50 1 0
de\vorlesung\projekt\raytracer\Raytracing\scene.go:37.29,39.30 2 0
de\vorlesung\projekt\raytracer\Raytracing\scene.go:39.30,46.20 5 0
de\vorlesung\projekt\raytracer\Raytracing\scene.go:50.4,50.26 1 0
de\vorlesung\projekt\raytracer\Raytracing\scene.go:46.20,48.5 1 0
de\vorlesung\projekt\raytracer\Raytracing\scene.go:74.75,77.38 2 1
de\vorlesung\projekt\raytracer\Raytracing\scene.go:96.2,96.12 1 1
de\vorlesung\projekt\raytracer\Raytracing\scene.go:77.38,78.39 1 1
de\vorlesung\projekt\raytracer\Raytracing\scene.go:78.39,80.32 2 1
de\vorlesung\projekt\raytracer\Raytracing\scene.go:87.4,93.41 7 1
de\vorlesung\projekt\raytracer\Raytracing\scene.go:80.32,81.33 1 1
de\vorlesung\projekt\raytracer\Raytracing\scene.go:81.33,84.6 1 1
de\vorlesung\projekt\raytracer\Raytracing\scene.go:100.141,105.32 3 1
de\vorlesung\projekt\raytracer\Raytracing\scene.go:134.2,134.28 1 1
de\vorlesung\projekt\raytracer\Raytracing\scene.go:105.32,107.3 1 1
de\vorlesung\projekt\raytracer\Raytracing\scene.go:107.4,110.24 3 1
de\vorlesung\projekt\raytracer\Raytracing\scene.go:117.3,119.40 2 1
de\vorlesung\projekt\raytracer\Raytracing\scene.go:110.24,112.4 1 1
de\vorlesung\projekt\raytracer\Raytracing\scene.go:112.5,115.4 2 0
de\vorlesung\projekt\raytracer\Raytracing\scene.go:119.40,121.27 2 1
de\vorlesung\projekt\raytracer\Raytracing\scene.go:121.27,126.33 3 1
de\vorlesung\projekt\raytracer\Raytracing\scene.go:126.33,128.6 1 0
de\vorlesung\projekt\raytracer\Raytracing\scene.go:129.6,131.5 1 1
de\vorlesung\projekt\raytracer\Raytracing\scene.go:137.108,141.2 3 1
de\vorlesung\projekt\raytracer\Raytracing\scene.go:146.69,152.66 4 1
de\vorlesung\projekt\raytracer\Raytracing\scene.go:168.2,168.8 1 1
de\vorlesung\projekt\raytracer\Raytracing\scene.go:152.66,161.25 7 1
de\vorlesung\projekt\raytracer\Raytracing\scene.go:164.3,166.62 2 1
de\vorlesung\projekt\raytracer\Raytracing\scene.go:161.25,163.4 1 1
de\vorlesung\projekt\raytracer\Raytracing\scene.go:175.37,178.37 2 1
de\vorlesung\projekt\raytracer\Raytracing\scene.go:200.2,200.8 1 1
de\vorlesung\projekt\raytracer\Raytracing\scene.go:178.37,179.43 1 1
de\vorlesung\projekt\raytracer\Raytracing\scene.go:183.3,184.24 2 1
de\vorlesung\projekt\raytracer\Raytracing\scene.go:187.3,188.27 2 1
de\vorlesung\projekt\raytracer\Raytracing\scene.go:179.43,180.12 1 1
de\vorlesung\projekt\raytracer\Raytracing\scene.go:184.24,185.12 1 1
de\vorlesung\projekt\raytracer\Raytracing\scene.go:188.27,198.4 9 1
de\vorlesung\projekt\raytracer\Raytracing\scene.go:204.56,205.50 1 1
de\vorlesung\projekt\raytracer\Raytracing\scene.go:208.2,215.14 8 1
de\vorlesung\projekt\raytracer\Raytracing\scene.go:205.50,207.3 1 1
de\vorlesung\projekt\raytracer\Raytracing\scene.go:219.55,219.72 1 1
de\vorlesung\projekt\raytracer\Raytracing\scene.go:220.55,220.72 1 1
de\vorlesung\projekt\raytracer\Raytracing\scene.go:221.55,221.76 1 1
de\vorlesung\projekt\raytracer\Raytracing\scene.go:222.55,222.75 1 1
de\vorlesung\projekt\raytracer\Raytracing\scene.go:223.55,223.73 1 1
de\vorlesung\projekt\raytracer\Raytracing\scene.go:224.55,224.76 1 1
de\vorlesung\projekt\raytracer\Raytracing\scene.go:225.55,225.72 1 1
de\vorlesung\projekt\raytracer\Raytracing\scene.go:226.55,226.72 1 1
de\vorlesung\projekt\raytracer\Raytracing\scene.go:227.55,227.80 1 1
de\vorlesung\projekt\raytracer\Raytracing\scene.go:228.55,228.78 1 1
de\vorlesung\projekt\raytracer\Raytracing\scene.go:229.55,229.74 1 1
de\vorlesung\projekt\raytracer\Raytracing\scene.go:230.55,230.80 1 1
de\vorlesung\projekt\raytracer\Raytracing\scene.go:231.55,231.99 1 1
de\vorlesung\projekt\raytracer\Raytracing\surface.go:21.58,24.21 2 1
de\vorlesung\projekt\raytracer\Raytracing\surface.go:27.2,33.8 7 1
de\vorlesung\projekt\raytracer\Raytracing\surface.go:24.21,26.3 1 1
de\vorlesung\projekt\raytracer\Raytracing\surface.go:38.76,43.26 5 1
de\vorlesung\projekt\raytracer\Raytracing\surface.go:46.2,46.41 1 1
de\vorlesung\projekt\raytracer\Raytracing\surface.go:43.26,45.3 1 1
de\vorlesung\projekt\raytracer\Raytracing\surface.go:51.33,60.2 8 1
de\vorlesung\projekt\raytracer\Raytracing\surface.go:62.51,62.69 1 1
de\vorlesung\projekt\raytracer\Raytracing\surface.go:63.51,63.69 1 1
de\vorlesung\projekt\raytracer\Raytracing\surface.go:64.51,64.71 1 1
de\vorlesung\projekt\raytracer\Raytracing\surface.go:65.51,65.81 1 1
de\vorlesung\projekt\raytracer\Raytracing\surface.go:66.51,66.77 1 1
de\vorlesung\projekt\raytracer\Raytracing\surface.go:67.51,67.76 1 1
de\vorlesung\projekt\raytracer\Raytracing\surface.go:68.51,68.70 1 1
de\vorlesung\projekt\raytracer\Raytracing\surface.go:69.51,69.70 1 1
de\vorlesung\projekt\raytracer\Raytracing\surface.go:70.51,70.74 1 1
de\vorlesung\projekt\raytracer\Raytracing\surface.go:71.67,73.2 1 1
de\vorlesung\projekt\raytracer\Raytracing\surface.go:74.59,74.94 1 1
de\vorlesung\projekt\raytracer\Raytracing\surface.go:75.59,75.92 1 1
de\vorlesung\projekt\raytracer\Raytracing\ball.go:22.58,25.21 2 1
de\vorlesung\projekt\raytracer\Raytracing\ball.go:28.2,34.8 7 1
de\vorlesung\projekt\raytracer\Raytracing\ball.go:25.21,27.3 1 1
de\vorlesung\projekt\raytracer\Raytracing\ball.go:40.30,49.2 8 1
de\vorlesung\projekt\raytracer\Raytracing\ball.go:54.41,54.60 1 1
de\vorlesung\projekt\raytracer\Raytracing\ball.go:57.40,57.58 1 1
de\vorlesung\projekt\raytracer\Raytracing\ball.go:60.34,60.54 1 1
de\vorlesung\projekt\raytracer\Raytracing\ball.go:63.44,63.74 1 1
de\vorlesung\projekt\raytracer\Raytracing\ball.go:66.40,66.66 1 1
de\vorlesung\projekt\raytracer\Raytracing\ball.go:69.39,69.64 1 1
de\vorlesung\projekt\raytracer\Raytracing\ball.go:72.50,72.71 1 1
de\vorlesung\projekt\raytracer\Raytracing\ball.go:75.48,75.67 1 1
de\vorlesung\projekt\raytracer\Raytracing\ball.go:78.44,78.67 1 1
de\vorlesung\projekt\raytracer\Raytracing\ball.go:81.64,83.2 1 1
de\vorlesung\projekt\raytracer\Raytracing\ball.go:86.56,86.91 1 1
de\vorlesung\projekt\raytracer\Raytracing\ball.go:89.54,89.87 1 1
